Mplus VERSION 8.10 (Mac)
MUTHEN & MUTHEN
07/06/2023   5:16 PM

INPUT INSTRUCTIONS

  TITLE:
    Variable List -

    rtr200 : 0 rtr20
    rtr201 : 1 rtr20
    rtr202 : 2 rtr20
    rtr203 : 3 rtr20
    rtr204 : 4 rtr20
    rtr205 : 5 rtr20
    a1cspline :

  DATA:
    FILE = inpfiles.dat ;
   TYPE = imputation ;
  VARIABLE:
    NAMES =
      rtr200 rtr201 rtr202 rtr203 rtr204 rtr205 a1cspline ;
    MISSING ARE ALL (-9999) ;
  ANALYSIS:
     ESTIMATOR = MLR ;
  OUTPUT:
  MODEL:
  i s | rtr200@0 rtr201@2 rtr202@4 rtr203@6 rtr204@8 rtr205@10 ;
  i s on a1cspline  ;




*** WARNING in VARIABLE command
  Note that only the first 8 characters of variable names are used in the output.
  Shorten variable names to avoid any confusion.
   1 WARNING(S) FOUND IN THE INPUT INSTRUCTIONS




Variable List -

rtr200 : 0 rtr20
rtr201 : 1 rtr20
rtr202 : 2 rtr20
rtr203 : 3 rtr20
rtr204 : 4 rtr20
rtr205 : 5 rtr20
a1cspline :

SUMMARY OF ANALYSIS

Number of groups                                                 1
Average number of observations                                1470

Number of replications
    Requested                                                    5
    Completed                                                    5

Number of dependent variables                                    6
Number of independent variables                                  1
Number of continuous latent variables                            2

Observed dependent variables

  Continuous
   RTR200      RTR201      RTR202      RTR203      RTR204      RTR205

Observed independent variables
   A1CSPLIN

Continuous latent variables
   I           S


Estimator                                                      MLR
Information matrix                                        OBSERVED
Maximum number of iterations                                  1000
Convergence criterion                                    0.500D-04
Maximum number of steepest descent iterations                   20
Maximum number of iterations for H1                           2000
Convergence criterion for H1                             0.100D-03

Input data file(s)
  Multiple data files from
    inpfiles.dat

Input data format  FREE


SUMMARY OF DATA FOR THE FIRST DATA SET

     Number of missing data patterns            18


SUMMARY OF MISSING DATA PATTERNS FOR THE FIRST DATA SET


     MISSING DATA PATTERNS (x = not missing)

           1  2  3  4  5  6  7  8  9 10 11 12 13 14 15 16 17 18
 RTR200    x  x  x  x  x  x  x  x  x  x  x  x  x  x  x  x  x  x
 RTR201    x  x  x  x  x  x  x  x  x
 RTR202    x  x  x  x  x  x  x  x     x  x  x  x  x  x
 RTR203    x  x  x  x                 x  x  x           x
 RTR204    x  x        x  x           x  x     x  x     x
 RTR205    x     x     x     x        x        x        x  x
 A1CSPLIN  x  x  x  x  x  x  x  x  x  x  x  x  x  x  x  x  x  x


     MISSING DATA PATTERN FREQUENCIES

    Pattern   Frequency     Pattern   Frequency     Pattern   Frequency
          1         374           7           1          13           1
          2         490           8         137          14           1
          3           2           9         144          15           8
          4         123          10           3          16           1
          5           1          11           4          17           1
          6           2          12           1          18         176


COVARIANCE COVERAGE OF DATA FOR THE FIRST DATA SET

Minimum covariance coverage value   0.100


     PROPORTION OF DATA PRESENT


           Covariance Coverage
              RTR200        RTR201        RTR202        RTR203        RTR204
              ________      ________      ________      ________      ________
 RTR200         1.000
 RTR201         0.867         0.867
 RTR202         0.781         0.769         0.781
 RTR203         0.679         0.673         0.678         0.679
 RTR204         0.597         0.590         0.596         0.593         0.597
 RTR205         0.261         0.257         0.260         0.259         0.259
 A1CSPLIN       1.000         0.867         0.781         0.679         0.597


           Covariance Coverage
              RTR205        A1CSPLIN
              ________      ________
 RTR205         0.261
 A1CSPLIN       0.261         1.000


SAMPLE STATISTICS

NOTE:  These are average results over 5 data sets.


     ESTIMATED SAMPLE STATISTICS


           Means
              RTR200        RTR201        RTR202        RTR203        RTR204
              ________      ________      ________      ________      ________
                8.214         8.135         7.747         7.632         7.042


           Means
              RTR205        A1CSPLIN
              ________      ________
                7.050         0.307


           Covariances
              RTR200        RTR201        RTR202        RTR203        RTR204
              ________      ________      ________      ________      ________
 RTR200        10.481
 RTR201         6.704        14.378
 RTR202         6.426         6.764        10.718
 RTR203         6.371         8.601         6.826        14.696
 RTR204         6.632         6.574         6.874         7.016        11.613
 RTR205         6.708         9.250         8.131         9.295         8.073
 A1CSPLIN      -0.031        -0.179        -0.123        -0.243        -0.056


           Covariances
              RTR205        A1CSPLIN
              ________      ________
 RTR205        16.289
 A1CSPLIN      -0.347         0.807


           Correlations
              RTR200        RTR201        RTR202        RTR203        RTR204
              ________      ________      ________      ________      ________
 RTR200         1.000
 RTR201         0.546         1.000
 RTR202         0.606         0.545         1.000
 RTR203         0.513         0.592         0.544         1.000
 RTR204         0.601         0.509         0.616         0.537         1.000
 RTR205         0.513         0.604         0.615         0.601         0.587
 A1CSPLIN      -0.011        -0.052        -0.042        -0.071        -0.018


           Correlations
              RTR205        A1CSPLIN
              ________      ________
 RTR205         1.000
 A1CSPLIN      -0.096         1.000


MODEL FIT INFORMATION

Number of Free Parameters                       13

Loglikelihood

    H0 Value

        Mean                            -15226.147
        Std Dev                              0.000
        Number of successful computations        5

             Proportions                   Percentiles
        Expected    Observed         Expected       Observed
           0.990       1.000       -15226.147     -15226.147
           0.980       1.000       -15226.147     -15226.147
           0.950       0.800       -15226.147     -15226.147
           0.900       0.800       -15226.147     -15226.147
           0.800       0.800       -15226.147     -15226.147
           0.700       0.800       -15226.147     -15226.147
           0.500       0.800       -15226.147     -15226.147
           0.300       0.000       -15226.147     -15226.147
           0.200       0.000       -15226.147     -15226.147
           0.100       0.000       -15226.147     -15226.147
           0.050       0.000       -15226.147     -15226.147
           0.020       0.000       -15226.147     -15226.147
           0.010       0.000       -15226.147     -15226.147

    H1 Value

        Mean                            -15178.620
        Std Dev                              0.000
        Number of successful computations        5

             Proportions                   Percentiles
        Expected    Observed         Expected       Observed
           0.990       0.000       -15178.620     -15178.620
           0.980       0.000       -15178.620     -15178.620
           0.950       0.000       -15178.620     -15178.620
           0.900       0.000       -15178.620     -15178.620
           0.800       0.000       -15178.620     -15178.620
           0.700       0.000       -15178.620     -15178.620
           0.500       0.000       -15178.620     -15178.620
           0.300       0.000       -15178.620     -15178.620
           0.200       0.000       -15178.620     -15178.620
           0.100       0.000       -15178.620     -15178.620
           0.050       0.000       -15178.620     -15178.620
           0.020       0.000       -15178.620     -15178.620
           0.010       0.000       -15178.620     -15178.620

Information Criteria

    Akaike (AIC)

        Mean                             30478.293
        Std Dev                              0.000
        Number of successful computations        5

             Proportions                   Percentiles
        Expected    Observed         Expected       Observed
           0.990       1.000        30478.293      30478.293
           0.980       1.000        30478.293      30478.293
           0.950       1.000        30478.293      30478.293
           0.900       1.000        30478.293      30478.293
           0.800       1.000        30478.293      30478.293
           0.700       0.200        30478.293      30478.293
           0.500       0.200        30478.293      30478.293
           0.300       0.200        30478.293      30478.293
           0.200       0.200        30478.293      30478.293
           0.100       0.200        30478.293      30478.293
           0.050       0.200        30478.293      30478.293
           0.020       0.000        30478.293      30478.293
           0.010       0.000        30478.293      30478.293

    Bayesian (BIC)

        Mean                             30547.103
        Std Dev                              0.000
        Number of successful computations        5

             Proportions                   Percentiles
        Expected    Observed         Expected       Observed
           0.990       1.000        30547.103      30547.103
           0.980       1.000        30547.103      30547.103
           0.950       1.000        30547.103      30547.103
           0.900       1.000        30547.103      30547.103
           0.800       1.000        30547.103      30547.103
           0.700       1.000        30547.103      30547.103
           0.500       0.200        30547.103      30547.103
           0.300       0.200        30547.103      30547.103
           0.200       0.200        30547.103      30547.103
           0.100       0.200        30547.103      30547.103
           0.050       0.200        30547.103      30547.103
           0.020       0.000        30547.103      30547.103
           0.010       0.000        30547.103      30547.103

    Sample-Size Adjusted BIC (n* = (n + 2) / 24)

        Mean                             30505.806
        Std Dev                              0.000
        Number of successful computations        5

             Proportions                   Percentiles
        Expected    Observed         Expected       Observed
           0.990       1.000        30505.806      30505.806
           0.980       1.000        30505.806      30505.806
           0.950       1.000        30505.806      30505.806
           0.900       1.000        30505.806      30505.806
           0.800       1.000        30505.806      30505.806
           0.700       1.000        30505.806      30505.806
           0.500       0.200        30505.806      30505.806
           0.300       0.200        30505.806      30505.806
           0.200       0.200        30505.806      30505.806
           0.100       0.200        30505.806      30505.806
           0.050       0.200        30505.806      30505.806
           0.020       0.000        30505.806      30505.806
           0.010       0.000        30505.806      30505.806

Chi-Square Test of Model Fit

        Degrees of freedom                      20

        Mean                                91.151
        Std Dev                              0.000
        Number of successful computations        5

             Proportions                   Percentiles
        Expected    Observed         Expected       Observed
           0.990       1.000            8.260         91.151
           0.980       1.000            9.237         91.151
           0.950       1.000           10.851         91.151
           0.900       1.000           12.443         91.151
           0.800       1.000           14.578         91.151
           0.700       1.000           16.266         91.151
           0.500       1.000           19.337         91.151
           0.300       1.000           22.775         91.151
           0.200       1.000           25.038         91.151
           0.100       1.000           28.412         91.151
           0.050       1.000           31.410         91.151
           0.020       1.000           35.020         91.151
           0.010       1.000           37.566         91.151

RMSEA (Root Mean Square Error Of Approximation)

        Mean                                 0.049
        Std Dev                              0.000
        Number of successful computations        5

        Cumulative Distribution Function
           Value    Function Value
           0.990       1.000
           0.980       1.000
           0.950       1.000
           0.900       1.000
           0.800       1.000
           0.700       1.000
           0.500       1.000
           0.300       1.000
           0.200       1.000
           0.100       1.000
           0.050       1.000
           0.020       0.000
           0.010       0.000

CFI/TLI

    CFI

        Mean                                 0.963
        Std Dev                              0.000
        Number of successful computations        5

        Cumulative Distribution Function
           Value    Function Value
           0.990       1.000
           0.980       1.000
           0.950       0.000
           0.900       0.000
           0.800       0.000
           0.700       0.000
           0.500       0.000
           0.300       0.000
           0.200       0.000
           0.100       0.000
           0.050       0.000
           0.020       0.000
           0.010       0.000

    TLI

        Mean                                 0.961
        Std Dev                              0.000
        Number of successful computations        5

        Cumulative Distribution Function
           Value    Function Value
           0.990       1.000
           0.980       1.000
           0.950       0.000
           0.900       0.000
           0.800       0.000
           0.700       0.000
           0.500       0.000
           0.300       0.000
           0.200       0.000
           0.100       0.000
           0.050       0.000
           0.020       0.000
           0.010       0.000

SRMR (Standardized Root Mean Square Residual)

        Mean                                 0.043
        Std Dev                              0.000
        Number of successful computations        5

        Cumulative Distribution Function
           Value    Function Value
           0.990       1.000
           0.980       1.000
           0.950       1.000
           0.900       1.000
           0.800       1.000
           0.700       1.000
           0.500       1.000
           0.300       1.000
           0.200       1.000
           0.100       1.000
           0.050       1.000
           0.020       0.000
           0.010       0.000


MODEL RESULTS

                                                    Two-Tailed   Rate of
                    Estimate       S.E.  Est./S.E.    P-Value    Missing

 I        |
    RTR200             1.000      0.000    999.000    999.000      0.000
    RTR201             1.000      0.000    999.000    999.000      0.000
    RTR202             1.000      0.000    999.000    999.000      0.000
    RTR203             1.000      0.000    999.000    999.000      0.000
    RTR204             1.000      0.000    999.000    999.000      0.000
    RTR205             1.000      0.000    999.000    999.000      0.000

 S        |
    RTR200             0.000      0.000    999.000    999.000      0.000
    RTR201             2.000      0.000    999.000    999.000      0.000
    RTR202             4.000      0.000    999.000    999.000      0.000
    RTR203             6.000      0.000    999.000    999.000      0.000
    RTR204             8.000      0.000    999.000    999.000      0.000
    RTR205            10.000      0.000    999.000    999.000      0.000

 I        ON
    A1CSPLINE         -0.084      0.079     -1.062      0.288      0.000

 S        ON
    A1CSPLINE         -0.017      0.012     -1.333      0.183      0.000

 S        WITH
    I                  0.041      0.044      0.927      0.354      0.000

 Intercepts
    RTR200             0.000      0.000    999.000    999.000      0.000
    RTR201             0.000      0.000    999.000    999.000      0.000
    RTR202             0.000      0.000    999.000    999.000      0.000
    RTR203             0.000      0.000    999.000    999.000      0.000
    RTR204             0.000      0.000    999.000    999.000      0.000
    RTR205             0.000      0.000    999.000    999.000      0.000
    I                  8.298      0.085     97.505      0.000      0.000
    S                 -0.127      0.011    -11.670      0.000      0.000

 Residual Variances
    RTR200             4.243      0.326     13.007      0.000      0.000
    RTR201             7.139      0.385     18.551      0.000      0.000
    RTR202             4.078      0.245     16.658      0.000      0.000
    RTR203             7.208      0.456     15.812      0.000      0.000
    RTR204             4.681      0.330     14.191      0.000      0.000
    RTR205             6.627      0.830      7.981      0.000      0.000
    I                  6.401      0.389     16.473      0.000      0.000
    S                  0.007      0.007      1.064      0.287      0.000


QUALITY OF NUMERICAL RESULTS

     Average Condition Number for the Information Matrix      0.460E-03
       (ratio of smallest to largest eigenvalue)


TECHNICAL 1 OUTPUT


     PARAMETER SPECIFICATION


           NU
              RTR200        RTR201        RTR202        RTR203        RTR204
              ________      ________      ________      ________      ________
                  0             0             0             0             0


           NU
              RTR205        A1CSPLIN
              ________      ________
                  0             0


           LAMBDA
              I             S             A1CSPLIN
              ________      ________      ________
 RTR200             0             0             0
 RTR201             0             0             0
 RTR202             0             0             0
 RTR203             0             0             0
 RTR204             0             0             0
 RTR205             0             0             0
 A1CSPLIN           0             0             0


           THETA
              RTR200        RTR201        RTR202        RTR203        RTR204
              ________      ________      ________      ________      ________
 RTR200             1
 RTR201             0             2
 RTR202             0             0             3
 RTR203             0             0             0             4
 RTR204             0             0             0             0             5
 RTR205             0             0             0             0             0
 A1CSPLIN           0             0             0             0             0


           THETA
              RTR205        A1CSPLIN
              ________      ________
 RTR205             6
 A1CSPLIN           0             0


           ALPHA
              I             S             A1CSPLIN
              ________      ________      ________
                  7             8             0


           BETA
              I             S             A1CSPLIN
              ________      ________      ________
 I                  0             0             9
 S                  0             0            10
 A1CSPLIN           0             0             0


           PSI
              I             S             A1CSPLIN
              ________      ________      ________
 I                 11
 S                 12            13
 A1CSPLIN           0             0             0


     STARTING VALUES


           NU
              RTR200        RTR201        RTR202        RTR203        RTR204
              ________      ________      ________      ________      ________
                0.000         0.000         0.000         0.000         0.000


           NU
              RTR205        A1CSPLIN
              ________      ________
                0.000         0.000


           LAMBDA
              I             S             A1CSPLIN
              ________      ________      ________
 RTR200         1.000         0.000         0.000
 RTR201         1.000         2.000         0.000
 RTR202         1.000         4.000         0.000
 RTR203         1.000         6.000         0.000
 RTR204         1.000         8.000         0.000
 RTR205         1.000        10.000         0.000
 A1CSPLIN       0.000         0.000         1.000


           THETA
              RTR200        RTR201        RTR202        RTR203        RTR204
              ________      ________      ________      ________      ________
 RTR200         5.240
 RTR201         0.000         7.032
 RTR202         0.000         0.000         5.111
 RTR203         0.000         0.000         0.000         6.843
 RTR204         0.000         0.000         0.000         0.000         5.182
 RTR205         0.000         0.000         0.000         0.000         0.000
 A1CSPLIN       0.000         0.000         0.000         0.000         0.000


           THETA
              RTR205        A1CSPLIN
              ________      ________
 RTR205         6.768
 A1CSPLIN       0.000         0.000


           ALPHA
              I             S             A1CSPLIN
              ________      ________      ________
                7.582        -0.286         0.307


           BETA
              I             S             A1CSPLIN
              ________      ________      ________
 I              0.000         0.000         0.000
 S              0.000         0.000         0.000
 A1CSPLIN       0.000         0.000         0.000


           PSI
              I             S             A1CSPLIN
              ________      ________      ________
 I             10.472
 S              0.000         1.380
 A1CSPLIN       0.000         0.000         0.807


     Beginning Time:  17:16:02
        Ending Time:  17:16:02
       Elapsed Time:  00:00:00



MUTHEN & MUTHEN
3463 Stoner Ave.
Los Angeles, CA  90066

Tel: (310) 391-9971
Fax: (310) 391-8971
Web: www.StatModel.com
Support: Support@StatModel.com

Copyright (c) 1998-2023 Muthen & Muthen
